Start testing: Jan 25 01:24 EST
----------------------------------------------------------
1/4 Testing: Backwards
1/4 Test: Backwards
Command: "/usr/bin/COMMAND" "runUnitTests"
Directory: /Users/chris/Merge-Sort/build
"Backwards" start time: Jan 25 01:24 EST
Output:
----------------------------------------------------------
/usr/bin/COMMAND: line 4: runUnitTests: command not found
<end of output>
Test time =   0.05 sec
----------------------------------------------------------
Test Failed.
"Backwards" end time: Jan 25 01:24 EST
"Backwards" time elapsed: 00:00:00
----------------------------------------------------------

2/4 Testing: JustZero
2/4 Test: JustZero
Command: "/usr/bin/COMMAND" "runUnitTests"
Directory: /Users/chris/Merge-Sort/build
"JustZero" start time: Jan 25 01:24 EST
Output:
----------------------------------------------------------
/usr/bin/COMMAND: line 4: runUnitTests: command not found
<end of output>
Test time =   0.01 sec
----------------------------------------------------------
Test Failed.
"JustZero" end time: Jan 25 01:24 EST
"JustZero" time elapsed: 00:00:00
----------------------------------------------------------

3/4 Testing: AllEights
3/4 Test: AllEights
Command: "/usr/bin/COMMAND" "runUnitTests"
Directory: /Users/chris/Merge-Sort/build
"AllEights" start time: Jan 25 01:24 EST
Output:
----------------------------------------------------------
/usr/bin/COMMAND: line 4: runUnitTests: command not found
<end of output>
Test time =   0.01 sec
----------------------------------------------------------
Test Failed.
"AllEights" end time: Jan 25 01:24 EST
"AllEights" time elapsed: 00:00:00
----------------------------------------------------------

4/4 Testing: Empty
4/4 Test: Empty
Command: "/usr/bin/COMMAND" "runUnitTests"
Directory: /Users/chris/Merge-Sort/build
"Empty" start time: Jan 25 01:24 EST
Output:
----------------------------------------------------------
/usr/bin/COMMAND: line 4: runUnitTests: command not found
<end of output>
Test time =   0.01 sec
----------------------------------------------------------
Test Failed.
"Empty" end time: Jan 25 01:24 EST
"Empty" time elapsed: 00:00:00
----------------------------------------------------------

End testing: Jan 25 01:24 EST
